<?xml version="1.0" encoding="UTF-8"?>
<!-- Generated by org.testng.reporters.JUnitReportReporter -->
<testsuite hostname="WKWZTeW08v41NWG" failures="0" tests="1" name="Pipeline.Pipe" time="0.008" errors="0" timestamp="2022-11-29T20:31:26 IST" skipped="0">
  <testcase classname="Pipeline.Pipe" name="test" time="0.008"/>
  <system-out/>
</testsuite> <!-- Pipeline.Pipe -->
